build/app/intermediates/manifest_merge_blame_file/release/manifest-merger-blame-release-report.txt
1<?xml version="1.0" encoding="utf-8"?>
2<manifest xmlns:android="http://schemas.android.com/apk/res/android"
3    package="com.plunes"
4    android:versionCode="84"
5    android:versionName="1.2.44" >
6
7    <uses-sdk
8        android:minSdkVersion="21"
8-->src/main/AndroidManifest.xml
9        android:targetSdkVersion="33" />
9-->src/main/AndroidManifest.xml
10
11    <uses-permission android:name="android.permission.WRITE_EXTERNAL_STORAGE" />
11-->src/main/AndroidManifest.xml:7:5-81
11-->src/main/AndroidManifest.xml:7:22-78
12    <uses-permission android:name="android.permission.CAMERA" />
12-->src/main/AndroidManifest.xml:8:5-65
12-->src/main/AndroidManifest.xml:8:22-62
13    <uses-permission android:name="android.permission.INTERNET" />
13-->src/main/AndroidManifest.xml:9:5-67
13-->src/main/AndroidManifest.xml:9:22-64
14    <uses-permission android:name="READ_EXTERNAL_STORAGE" />
14-->src/main/AndroidManifest.xml:10:5-61
14-->src/main/AndroidManifest.xml:10:22-58
15    <uses-permission android:name="android.permission.ACCESS_FINE_LOCATION" />
15-->src/main/AndroidManifest.xml:11:5-79
15-->src/main/AndroidManifest.xml:11:22-76
16    <uses-permission android:name="android.permission.ACCESS_COARSE_LOCATION" />
16-->src/main/AndroidManifest.xml:12:5-81
16-->src/main/AndroidManifest.xml:12:22-78
17    <uses-permission android:name="android.permission.ACCESS_BACKGROUND_LOCATION" />
17-->src/main/AndroidManifest.xml:13:5-85
17-->src/main/AndroidManifest.xml:13:22-82
18    <uses-permission android:name="android.permission.VIBRATE" />
18-->src/main/AndroidManifest.xml:14:5-66
18-->src/main/AndroidManifest.xml:14:22-63
19    <uses-permission android:name="android.permission.RECEIVE_BOOT_COMPLETED" />
19-->src/main/AndroidManifest.xml:15:5-81
19-->src/main/AndroidManifest.xml:15:22-78
20    <uses-permission android:name="android.permission.WAKE_LOCK" />
20-->[:firebase_messaging] AndroidManifest.xml:10:5-68
20-->[:firebase_messaging] AndroidManifest.xml:10:22-65
21    <uses-permission android:name="android.permission.ACCESS_NETWORK_STATE" /> <!-- Permissions options for the `notification` group -->
21-->[:firebase_messaging] AndroidManifest.xml:11:5-79
21-->[:firebase_messaging] AndroidManifest.xml:11:22-76
22    <uses-permission android:name="android.permission.POST_NOTIFICATIONS" />
22-->[:firebase_messaging] AndroidManifest.xml:13:5-77
22-->[:firebase_messaging] AndroidManifest.xml:13:22-74
23    <uses-permission android:name="android.permission.FOREGROUND_SERVICE" />
23-->[:geolocator_android] AndroidManifest.xml:9:5-77
23-->[:geolocator_android] AndroidManifest.xml:9:22-74
24    <uses-permission android:name="android.permission.USE_FULL_SCREEN_INTENT" />
24-->[:flutter_local_notifications] AndroidManifest.xml:11:5-81
24-->[:flutter_local_notifications] AndroidManifest.xml:11:22-78
25    <uses-permission android:name="android.permission.SCHEDULE_EXACT_ALARM" />
25-->[:flutter_local_notifications] AndroidManifest.xml:12:5-79
25-->[:flutter_local_notifications] AndroidManifest.xml:12:22-76
26    <uses-permission android:name="android.permission.READ_EXTERNAL_STORAGE" />
26-->[:file_picker] AndroidManifest.xml:9:5-80
26-->[:file_picker] AndroidManifest.xml:9:22-77
27
28    <queries>
28-->[:file_picker] AndroidManifest.xml:11:5-17:15
29        <intent>
29-->[:file_picker] AndroidManifest.xml:12:9-16:18
30            <action android:name="android.intent.action.GET_CONTENT" />
30-->[:file_picker] AndroidManifest.xml:13:13-72
30-->[:file_picker] AndroidManifest.xml:13:21-69
31
32            <data android:mimeType="*/*" />
32-->src/main/AndroidManifest.xml:53:17-55:54
33        </intent>
34        <intent>
34-->[:flutter_inappwebview] AndroidManifest.xml:10:9-12:18
35            <action android:name="android.support.customtabs.action.CustomTabsService" />
35-->[:flutter_inappwebview] AndroidManifest.xml:11:13-90
35-->[:flutter_inappwebview] AndroidManifest.xml:11:21-87
36        </intent>
37
38        <package android:name="com.whatsapp.w4b" />
38-->[:otpless_flutter] AndroidManifest.xml:10:9-52
38-->[:otpless_flutter] AndroidManifest.xml:10:18-49
39        <package android:name="com.whatsapp" />
39-->[:otpless_flutter] AndroidManifest.xml:11:9-48
39-->[:otpless_flutter] AndroidManifest.xml:11:18-45
40        <package android:name="com.facebook.katana" /> <!-- Needs to be explicitly declared on Android R+ -->
40-->[com.facebook.android:facebook-common:15.2.0] AndroidManifest.xml:18:9-55
40-->[com.facebook.android:facebook-common:15.2.0] AndroidManifest.xml:18:18-52
41        <package android:name="com.google.android.apps.maps" />
41-->[com.google.android.gms:play-services-maps:18.1.0] AndroidManifest.xml:33:9-64
41-->[com.google.android.gms:play-services-maps:18.1.0] AndroidManifest.xml:33:18-61
42    </queries>
43
44    <uses-feature
44-->[com.google.android.gms:play-services-maps:18.1.0] AndroidManifest.xml:26:5-28:35
45        android:glEsVersion="0x00020000"
45-->[com.google.android.gms:play-services-maps:18.1.0] AndroidManifest.xml:27:9-41
46        android:required="true" /> <!-- Required by older versions of Google Play services to create IID tokens -->
46-->[com.google.android.gms:play-services-maps:18.1.0] AndroidManifest.xml:28:9-32
47    <uses-permission android:name="com.google.android.c2dm.permission.RECEIVE" />
47-->[com.google.firebase:firebase-messaging:23.1.1] AndroidManifest.xml:28:5-82
47-->[com.google.firebase:firebase-messaging:23.1.1] AndroidManifest.xml:28:22-79
48    <uses-permission android:name="com.google.android.finsky.permission.BIND_GET_INSTALL_REFERRER_SERVICE" />
48-->[com.google.android.gms:play-services-measurement:21.2.0] AndroidManifest.xml:26:5-110
48-->[com.google.android.gms:play-services-measurement:21.2.0] AndroidManifest.xml:26:22-107
49
50    <permission
50-->[androidx.core:core:1.9.0] AndroidManifest.xml:22:5-24:47
51        android:name="com.plunes.DYNAMIC_RECEIVER_NOT_EXPORTED_PERMISSION"
51-->[androidx.core:core:1.9.0] AndroidManifest.xml:23:9-81
52        android:protectionLevel="signature" />
52-->[androidx.core:core:1.9.0] AndroidManifest.xml:24:9-44
53
54    <uses-permission android:name="com.plunes.DYNAMIC_RECEIVER_NOT_EXPORTED_PERMISSION" />
54-->[androidx.core:core:1.9.0] AndroidManifest.xml:26:5-97
54-->[androidx.core:core:1.9.0] AndroidManifest.xml:26:22-94
55
56    <application
57        android:name="android.app.Application"
57-->src/main/AndroidManifest.xml:19:9-42
58        android:appComponentFactory="androidx.core.app.CoreComponentFactory"
58-->[androidx.core:core:1.9.0] AndroidManifest.xml:28:18-86
59        android:icon="@mipmap/launcher_icon"
59-->src/main/AndroidManifest.xml:20:9-45
60        android:label="plunes"
60-->src/main/AndroidManifest.xml:18:9-31
61        android:supportsRtl="true" >
61-->[com.facebook.android:facebook-android-sdk:15.2.0] AndroidManifest.xml:16:18-44
62        <meta-data
62-->src/main/AndroidManifest.xml:22:8-23:69
63            android:name="com.google.android.geo.API_KEY"
63-->src/main/AndroidManifest.xml:22:19-64
64            android:value="AIzaSyAqn7q_9-GV3balsnk94-FgODIu_8lT3oM" />
64-->src/main/AndroidManifest.xml:23:12-67
65        <meta-data
65-->src/main/AndroidManifest.xml:25:8-27:62
66            android:name="com.google.firebase.messaging.default_notification_channel_id"
66-->src/main/AndroidManifest.xml:26:12-88
67            android:value="@string/notification_channel_id" />
67-->src/main/AndroidManifest.xml:27:12-59
68
69        <activity
69-->src/main/AndroidManifest.xml:29:8-32:70
70            android:name="com.yalantis.ucrop.UCropActivity"
70-->src/main/AndroidManifest.xml:30:12-59
71            android:screenOrientation="portrait"
71-->src/main/AndroidManifest.xml:31:12-48
72            android:theme="@style/Theme.AppCompat.Light.NoActionBar" />
72-->src/main/AndroidManifest.xml:32:12-68
73        <activity
73-->src/main/AndroidManifest.xml:34:9-76:20
74            android:name="com.plunes.MainActivity"
74-->src/main/AndroidManifest.xml:35:13-41
75            android:configChanges="orientation|keyboardHidden|keyboard|screenSize|smallestScreenSize|locale|layoutDirection|fontScale|screenLayout|density|uiMode"
75-->src/main/AndroidManifest.xml:39:13-163
76            android:exported="true"
76-->src/main/AndroidManifest.xml:36:13-36
77            android:hardwareAccelerated="true"
77-->src/main/AndroidManifest.xml:40:13-47
78            android:launchMode="singleTop"
78-->src/main/AndroidManifest.xml:37:13-43
79            android:theme="@style/LaunchTheme"
79-->src/main/AndroidManifest.xml:38:13-47
80            android:windowSoftInputMode="adjustResize" >
80-->src/main/AndroidManifest.xml:41:13-55
81
82            <!--
83                 Specifies an Android theme to apply to this Activity as soon as
84                 the Android process has started. This theme is visible to the user
85                 while the Flutter UI initializes. After that, this theme continues
86                 to determine the Window background behind the Flutter UI.
87            -->
88
89
90            <!-- // add this to your activity code for whatsapp login -->
91            <intent-filter>
91-->src/main/AndroidManifest.xml:49:13-56:29
92                <action android:name="android.intent.action.VIEW" />
92-->src/main/AndroidManifest.xml:50:17-69
92-->src/main/AndroidManifest.xml:50:25-66
93
94                <category android:name="android.intent.category.DEFAULT" />
94-->src/main/AndroidManifest.xml:51:17-76
94-->src/main/AndroidManifest.xml:51:27-73
95                <category android:name="android.intent.category.BROWSABLE" />
95-->src/main/AndroidManifest.xml:52:17-78
95-->src/main/AndroidManifest.xml:52:27-75
96
97                <data
97-->src/main/AndroidManifest.xml:53:17-55:54
98                    android:host="otpless"
98-->src/main/AndroidManifest.xml:54:21-43
99                    android:scheme="plunesotpless" />
99-->src/main/AndroidManifest.xml:55:21-51
100            </intent-filter>
101
102            <meta-data
102-->src/main/AndroidManifest.xml:58:13-60:40
103                android:name="io.flutter.app.android.SplashScreenUntilFirstFrame"
103-->src/main/AndroidManifest.xml:59:17-82
104                android:value="true" />
104-->src/main/AndroidManifest.xml:60:17-37
105            <meta-data
105-->src/main/AndroidManifest.xml:62:13-64:55
106                android:name="io.flutter.embedding.android.NormalTheme"
106-->src/main/AndroidManifest.xml:63:15-70
107                android:resource="@style/NormalTheme" />
107-->src/main/AndroidManifest.xml:64:15-52
108
109            <intent-filter>
109-->src/main/AndroidManifest.xml:66:13-69:29
110                <action android:name="android.intent.action.MAIN" />
110-->src/main/AndroidManifest.xml:67:17-68
110-->src/main/AndroidManifest.xml:67:25-66
111
112                <category android:name="android.intent.category.LAUNCHER" />
112-->src/main/AndroidManifest.xml:68:17-76
112-->src/main/AndroidManifest.xml:68:27-74
113            </intent-filter>
114            <intent-filter>
114-->src/main/AndroidManifest.xml:71:13-74:29
115                <action android:name="FLUTTER_NOTIFICATION_CLICK" />
115-->src/main/AndroidManifest.xml:72:17-69
115-->src/main/AndroidManifest.xml:72:25-66
116
117                <category android:name="android.intent.category.DEFAULT" />
117-->src/main/AndroidManifest.xml:51:17-76
117-->src/main/AndroidManifest.xml:51:27-73
118            </intent-filter>
119        </activity>
120        <!--
121             Don't delete the meta-data below.
122             This is used by the Flutter tool to generate GeneratedPluginRegistrant.java
123        -->
124        <meta-data
124-->src/main/AndroidManifest.xml:79:9-81:33
125            android:name="flutterEmbedding"
125-->src/main/AndroidManifest.xml:80:13-44
126            android:value="2" />
126-->src/main/AndroidManifest.xml:81:13-30
127
128        <service
128-->[:firebase_messaging] AndroidManifest.xml:16:9-19:72
129            android:name="io.flutter.plugins.firebase.messaging.FlutterFirebaseMessagingBackgroundService"
129-->[:firebase_messaging] AndroidManifest.xml:17:13-107
130            android:exported="false"
130-->[:firebase_messaging] AndroidManifest.xml:18:13-37
131            android:permission="android.permission.BIND_JOB_SERVICE" />
131-->[:firebase_messaging] AndroidManifest.xml:19:13-69
132        <service
132-->[:firebase_messaging] AndroidManifest.xml:20:9-26:19
133            android:name="io.flutter.plugins.firebase.messaging.FlutterFirebaseMessagingService"
133-->[:firebase_messaging] AndroidManifest.xml:21:13-97
134            android:exported="false" >
134-->[:firebase_messaging] AndroidManifest.xml:22:13-37
135            <intent-filter>
135-->[:firebase_messaging] AndroidManifest.xml:23:13-25:29
136                <action android:name="com.google.firebase.MESSAGING_EVENT" />
136-->[:firebase_messaging] AndroidManifest.xml:24:17-78
136-->[:firebase_messaging] AndroidManifest.xml:24:25-75
137            </intent-filter>
138        </service>
139
140        <receiver
140-->[:firebase_messaging] AndroidManifest.xml:28:9-35:20
141            android:name="io.flutter.plugins.firebase.messaging.FlutterFirebaseMessagingReceiver"
141-->[:firebase_messaging] AndroidManifest.xml:29:13-98
142            android:exported="true"
142-->[:firebase_messaging] AndroidManifest.xml:30:13-36
143            android:permission="com.google.android.c2dm.permission.SEND" >
143-->[:firebase_messaging] AndroidManifest.xml:31:13-73
144            <intent-filter>
144-->[:firebase_messaging] AndroidManifest.xml:32:13-34:29
145                <action android:name="com.google.android.c2dm.intent.RECEIVE" />
145-->[:firebase_messaging] AndroidManifest.xml:33:17-81
145-->[:firebase_messaging] AndroidManifest.xml:33:25-78
146            </intent-filter>
147        </receiver>
148
149        <service
149-->[:firebase_messaging] AndroidManifest.xml:37:9-41:19
150            android:name="com.google.firebase.components.ComponentDiscoveryService"
150-->[:firebase_messaging] AndroidManifest.xml:37:18-89
151            android:directBootAware="true"
151-->[com.google.firebase:firebase-common:20.3.0] AndroidManifest.xml:34:13-43
152            android:exported="false" >
152-->[com.google.firebase:firebase-messaging:23.1.1] AndroidManifest.xml:54:13-37
153            <meta-data
153-->[:firebase_messaging] AndroidManifest.xml:38:13-40:85
154                android:name="com.google.firebase.components:io.flutter.plugins.firebase.messaging.FlutterFirebaseAppRegistrar"
154-->[:firebase_messaging] AndroidManifest.xml:39:17-128
155                android:value="com.google.firebase.components.ComponentRegistrar" />
155-->[:firebase_messaging] AndroidManifest.xml:40:17-82
156            <meta-data
156-->[:firebase_crashlytics] AndroidManifest.xml:11:13-13:85
157                android:name="com.google.firebase.components:io.flutter.plugins.firebase.crashlytics.FlutterFirebaseAppRegistrar"
157-->[:firebase_crashlytics] AndroidManifest.xml:12:17-130
158                android:value="com.google.firebase.components.ComponentRegistrar" />
158-->[:firebase_crashlytics] AndroidManifest.xml:13:17-82
159            <meta-data
159-->[:firebase_analytics] AndroidManifest.xml:15:13-17:85
160                android:name="com.google.firebase.components:io.flutter.plugins.firebase.analytics.FlutterFirebaseAppRegistrar"
160-->[:firebase_analytics] AndroidManifest.xml:16:17-128
161                android:value="com.google.firebase.components.ComponentRegistrar" />
161-->[:firebase_analytics] AndroidManifest.xml:17:17-82
162            <meta-data
162-->[:firebase_remote_config] AndroidManifest.xml:11:13-13:85
163                android:name="com.google.firebase.components:io.flutter.plugins.firebase.firebaseremoteconfig.FlutterFirebaseAppRegistrar"
163-->[:firebase_remote_config] AndroidManifest.xml:12:17-139
164                android:value="com.google.firebase.components.ComponentRegistrar" />
164-->[:firebase_remote_config] AndroidManifest.xml:13:17-82
165            <meta-data
165-->[:firebase_core] AndroidManifest.xml:11:13-13:85
166                android:name="com.google.firebase.components:io.flutter.plugins.firebase.core.FlutterFirebaseCoreRegistrar"
166-->[:firebase_core] AndroidManifest.xml:12:17-124
167                android:value="com.google.firebase.components.ComponentRegistrar" />
167-->[:firebase_core] AndroidManifest.xml:13:17-82
168            <meta-data
168-->[com.google.firebase:firebase-messaging:23.1.1] AndroidManifest.xml:55:13-57:85
169                android:name="com.google.firebase.components:com.google.firebase.messaging.FirebaseMessagingRegistrar"
169-->[com.google.firebase:firebase-messaging:23.1.1] AndroidManifest.xml:56:17-119
170                android:value="com.google.firebase.components.ComponentRegistrar" />
170-->[com.google.firebase:firebase-messaging:23.1.1] AndroidManifest.xml:57:17-82
171            <meta-data
171-->[com.google.firebase:firebase-iid:21.1.0] AndroidManifest.xml:32:13-34:85
172                android:name="com.google.firebase.components:com.google.firebase.iid.Registrar"
172-->[com.google.firebase:firebase-iid:21.1.0] AndroidManifest.xml:33:17-96
173                android:value="com.google.firebase.components.ComponentRegistrar" />
173-->[com.google.firebase:firebase-iid:21.1.0] AndroidManifest.xml:34:17-82
174            <meta-data
174-->[com.google.firebase:firebase-config:21.2.1] AndroidManifest.xml:31:13-33:85
175                android:name="com.google.firebase.components:com.google.firebase.remoteconfig.RemoteConfigRegistrar"
175-->[com.google.firebase:firebase-config:21.2.1] AndroidManifest.xml:32:17-117
176                android:value="com.google.firebase.components.ComponentRegistrar" />
176-->[com.google.firebase:firebase-config:21.2.1] AndroidManifest.xml:33:17-82
177            <meta-data
177-->[com.google.firebase:firebase-crashlytics:18.3.5] AndroidManifest.xml:17:13-19:85
178                android:name="com.google.firebase.components:com.google.firebase.crashlytics.CrashlyticsRegistrar"
178-->[com.google.firebase:firebase-crashlytics:18.3.5] AndroidManifest.xml:18:17-115
179                android:value="com.google.firebase.components.ComponentRegistrar" />
179-->[com.google.firebase:firebase-crashlytics:18.3.5] AndroidManifest.xml:19:17-82
180            <meta-data
180-->[com.google.android.gms:play-services-measurement-api:21.2.0] AndroidManifest.xml:31:13-33:85
181                android:name="com.google.firebase.components:com.google.firebase.analytics.connector.internal.AnalyticsConnectorRegistrar"
181-->[com.google.android.gms:play-services-measurement-api:21.2.0] AndroidManifest.xml:32:17-139
182                android:value="com.google.firebase.components.ComponentRegistrar" />
182-->[com.google.android.gms:play-services-measurement-api:21.2.0] AndroidManifest.xml:33:17-82
183            <meta-data
183-->[com.google.firebase:firebase-installations:17.1.2] AndroidManifest.xml:17:13-19:85
184                android:name="com.google.firebase.components:com.google.firebase.installations.FirebaseInstallationsRegistrar"
184-->[com.google.firebase:firebase-installations:17.1.2] AndroidManifest.xml:18:17-127
185                android:value="com.google.firebase.components.ComponentRegistrar" />
185-->[com.google.firebase:firebase-installations:17.1.2] AndroidManifest.xml:19:17-82
186            <meta-data
186-->[com.google.firebase:firebase-abt:21.1.0] AndroidManifest.xml:12:13-14:85
187                android:name="com.google.firebase.components:com.google.firebase.abt.component.AbtRegistrar"
187-->[com.google.firebase:firebase-abt:21.1.0] AndroidManifest.xml:13:17-109
188                android:value="com.google.firebase.components.ComponentRegistrar" />
188-->[com.google.firebase:firebase-abt:21.1.0] AndroidManifest.xml:14:17-82
189            <meta-data
189-->[com.google.firebase:firebase-datatransport:18.1.7] AndroidManifest.xml:27:13-29:85
190                android:name="com.google.firebase.components:com.google.firebase.datatransport.TransportRegistrar"
190-->[com.google.firebase:firebase-datatransport:18.1.7] AndroidManifest.xml:28:17-115
191                android:value="com.google.firebase.components.ComponentRegistrar" />
191-->[com.google.firebase:firebase-datatransport:18.1.7] AndroidManifest.xml:29:17-82
192        </service>
193
194        <provider
194-->[:firebase_messaging] AndroidManifest.xml:43:9-47:38
195            android:name="io.flutter.plugins.firebase.messaging.FlutterFirebaseMessagingInitProvider"
195-->[:firebase_messaging] AndroidManifest.xml:44:13-102
196            android:authorities="com.plunes.flutterfirebasemessaginginitprovider"
196-->[:firebase_messaging] AndroidManifest.xml:45:13-88
197            android:exported="false"
197-->[:firebase_messaging] AndroidManifest.xml:46:13-37
198            android:initOrder="99" />
198-->[:firebase_messaging] AndroidManifest.xml:47:13-35
199
200        <service
200-->[:geolocator_android] AndroidManifest.xml:12:9-16:56
201            android:name="com.baseflow.geolocator.GeolocatorLocationService"
201-->[:geolocator_android] AndroidManifest.xml:13:13-77
202            android:enabled="true"
202-->[:geolocator_android] AndroidManifest.xml:14:13-35
203            android:exported="false"
203-->[:geolocator_android] AndroidManifest.xml:15:13-37
204            android:foregroundServiceType="location" />
204-->[:geolocator_android] AndroidManifest.xml:16:13-53
205
206        <receiver
206-->[:flutter_local_notifications] AndroidManifest.xml:16:9-18:40
207            android:name="com.dexterous.flutterlocalnotifications.ActionBroadcastReceiver"
207-->[:flutter_local_notifications] AndroidManifest.xml:17:13-91
208            android:exported="false" />
208-->[:flutter_local_notifications] AndroidManifest.xml:18:13-37
209        <receiver
209-->[:flutter_local_notifications] AndroidManifest.xml:19:9-21:40
210            android:name="com.dexterous.flutterlocalnotifications.ScheduledNotificationReceiver"
210-->[:flutter_local_notifications] AndroidManifest.xml:20:13-97
211            android:exported="false" />
211-->[:flutter_local_notifications] AndroidManifest.xml:21:13-37
212        <receiver
212-->[:flutter_local_notifications] AndroidManifest.xml:22:9-31:20
213            android:name="com.dexterous.flutterlocalnotifications.ScheduledNotificationBootReceiver"
213-->[:flutter_local_notifications] AndroidManifest.xml:23:13-101
214            android:exported="false" >
214-->[:flutter_local_notifications] AndroidManifest.xml:24:13-37
215            <intent-filter>
215-->[:flutter_local_notifications] AndroidManifest.xml:25:13-30:29
216                <action android:name="android.intent.action.BOOT_COMPLETED" />
216-->[:flutter_local_notifications] AndroidManifest.xml:26:17-79
216-->[:flutter_local_notifications] AndroidManifest.xml:26:25-76
217                <action android:name="android.intent.action.MY_PACKAGE_REPLACED" />
217-->[:flutter_local_notifications] AndroidManifest.xml:27:17-84
217-->[:flutter_local_notifications] AndroidManifest.xml:27:25-81
218                <action android:name="android.intent.action.QUICKBOOT_POWERON" />
218-->[:flutter_local_notifications] AndroidManifest.xml:28:17-82
218-->[:flutter_local_notifications] AndroidManifest.xml:28:25-79
219                <action android:name="com.htc.intent.action.QUICKBOOT_POWERON" />
219-->[:flutter_local_notifications] AndroidManifest.xml:29:17-82
219-->[:flutter_local_notifications] AndroidManifest.xml:29:25-79
220            </intent-filter>
221        </receiver>
222
223        <activity
223-->[:flutter_inappwebview] AndroidManifest.xml:16:9-20:47
224            android:name="com.pichillilorenzo.flutter_inappwebview.in_app_browser.InAppBrowserActivity"
224-->[:flutter_inappwebview] AndroidManifest.xml:17:13-104
225            android:configChanges="orientation|keyboardHidden|keyboard|screenSize|locale|layoutDirection|fontScale|screenLayout|density"
225-->[:flutter_inappwebview] AndroidManifest.xml:18:13-137
226            android:exported="false"
226-->[:flutter_inappwebview] AndroidManifest.xml:19:13-37
227            android:theme="@style/AppTheme" />
227-->[:flutter_inappwebview] AndroidManifest.xml:20:13-44
228        <activity
228-->[:flutter_inappwebview] AndroidManifest.xml:21:9-24:55
229            android:name="com.pichillilorenzo.flutter_inappwebview.chrome_custom_tabs.ChromeCustomTabsActivity"
229-->[:flutter_inappwebview] AndroidManifest.xml:22:13-112
230            android:exported="false"
230-->[:flutter_inappwebview] AndroidManifest.xml:23:13-37
231            android:theme="@style/ThemeTransparent" />
231-->[:flutter_inappwebview] AndroidManifest.xml:24:13-52
232        <activity
232-->[:flutter_inappwebview] AndroidManifest.xml:25:9-28:55
233            android:name="com.pichillilorenzo.flutter_inappwebview.chrome_custom_tabs.TrustedWebActivity"
233-->[:flutter_inappwebview] AndroidManifest.xml:26:13-106
234            android:exported="false"
234-->[:flutter_inappwebview] AndroidManifest.xml:27:13-37
235            android:theme="@style/ThemeTransparent" />
235-->[:flutter_inappwebview] AndroidManifest.xml:28:13-52
236        <activity
236-->[:flutter_inappwebview] AndroidManifest.xml:29:9-33:55
237            android:name="com.pichillilorenzo.flutter_inappwebview.chrome_custom_tabs.ChromeCustomTabsActivitySingleInstance"
237-->[:flutter_inappwebview] AndroidManifest.xml:30:13-126
238            android:exported="false"
238-->[:flutter_inappwebview] AndroidManifest.xml:31:13-37
239            android:launchMode="singleInstance"
239-->[:flutter_inappwebview] AndroidManifest.xml:32:13-48
240            android:theme="@style/ThemeTransparent" />
240-->[:flutter_inappwebview] AndroidManifest.xml:33:13-52
241        <activity
241-->[:flutter_inappwebview] AndroidManifest.xml:34:9-38:55
242            android:name="com.pichillilorenzo.flutter_inappwebview.chrome_custom_tabs.TrustedWebActivitySingleInstance"
242-->[:flutter_inappwebview] AndroidManifest.xml:35:13-120
243            android:exported="false"
243-->[:flutter_inappwebview] AndroidManifest.xml:36:13-37
244            android:launchMode="singleInstance"
244-->[:flutter_inappwebview] AndroidManifest.xml:37:13-48
245            android:theme="@style/ThemeTransparent" />
245-->[:flutter_inappwebview] AndroidManifest.xml:38:13-52
246
247        <receiver
247-->[:flutter_inappwebview] AndroidManifest.xml:40:9-43:40
248            android:name="com.pichillilorenzo.flutter_inappwebview.chrome_custom_tabs.ActionBroadcastReceiver"
248-->[:flutter_inappwebview] AndroidManifest.xml:41:13-111
249            android:enabled="true"
249-->[:flutter_inappwebview] AndroidManifest.xml:42:13-35
250            android:exported="false" />
250-->[:flutter_inappwebview] AndroidManifest.xml:43:13-37
251
252        <meta-data
252-->[:flutter_inappwebview] AndroidManifest.xml:45:9-47:36
253            android:name="io.flutter.embedded_views_preview"
253-->[:flutter_inappwebview] AndroidManifest.xml:46:13-61
254            android:value="true" />
254-->[:flutter_inappwebview] AndroidManifest.xml:47:13-33
255
256        <provider
256-->[:share_plus] AndroidManifest.xml:10:9-18:20
257            android:name="dev.fluttercommunity.plus.share.ShareFileProvider"
257-->[:share_plus] AndroidManifest.xml:11:13-77
258            android:authorities="com.plunes.flutter.share_provider"
258-->[:share_plus] AndroidManifest.xml:12:13-74
259            android:exported="false"
259-->[:share_plus] AndroidManifest.xml:13:13-37
260            android:grantUriPermissions="true" >
260-->[:share_plus] AndroidManifest.xml:14:13-47
261            <meta-data
261-->[:share_plus] AndroidManifest.xml:15:13-17:68
262                android:name="android.support.FILE_PROVIDER_PATHS"
262-->[:share_plus] AndroidManifest.xml:16:17-67
263                android:resource="@xml/flutter_share_file_paths" />
263-->[:share_plus] AndroidManifest.xml:17:17-65
264        </provider>
265        <provider
265-->[:image_picker_android] AndroidManifest.xml:10:9-18:20
266            android:name="io.flutter.plugins.imagepicker.ImagePickerFileProvider"
266-->[:image_picker_android] AndroidManifest.xml:11:13-82
267            android:authorities="com.plunes.flutter.image_provider"
267-->[:image_picker_android] AndroidManifest.xml:12:13-74
268            android:exported="false"
268-->[:image_picker_android] AndroidManifest.xml:13:13-37
269            android:grantUriPermissions="true" >
269-->[:image_picker_android] AndroidManifest.xml:14:13-47
270            <meta-data
270-->[:share_plus] AndroidManifest.xml:15:13-17:68
271                android:name="android.support.FILE_PROVIDER_PATHS"
271-->[:share_plus] AndroidManifest.xml:16:17-67
272                android:resource="@xml/flutter_image_picker_file_paths" />
272-->[:share_plus] AndroidManifest.xml:17:17-65
273        </provider>
274
275        <activity
275-->[:url_launcher_android] AndroidManifest.xml:10:9-13:74
276            android:name="io.flutter.plugins.urllauncher.WebViewActivity"
276-->[:url_launcher_android] AndroidManifest.xml:11:13-74
277            android:exported="false"
277-->[:url_launcher_android] AndroidManifest.xml:12:13-37
278            android:theme="@android:style/Theme.NoTitleBar.Fullscreen" />
278-->[:url_launcher_android] AndroidManifest.xml:13:13-71
279
280        <receiver
280-->[:sms_otp_auto_verify] AndroidManifest.xml:10:9-17:20
281            android:name="com.oohyugi.sms_otp_auto_verify.SmsBroadcastReceiver"
281-->[:sms_otp_auto_verify] AndroidManifest.xml:11:13-80
282            android:exported="true"
282-->[:sms_otp_auto_verify] AndroidManifest.xml:12:13-36
283            android:permission="com.google.android.gms.auth.api.phone.permission.SEND" >
283-->[:sms_otp_auto_verify] AndroidManifest.xml:13:13-87
284            <intent-filter>
284-->[:sms_otp_auto_verify] AndroidManifest.xml:14:13-16:29